Meta-OpenXR-SDK/helloxr/build/intermediates/manifest_merge_blame_file/VulkanDebug/manifest-merger-blame-Vulkan-debug-report.txt
1<?xml version="1.0" encoding="utf-8"?>
2<manifest xmlns:android="http://schemas.android.com/apk/res/android"
3    package="com.oculus.sdk.helloxr.vulkan"
4    android:installLocation="auto"
5    android:versionCode="1"
6    android:versionName="1.0" >
7
8    <uses-sdk
9        android:minSdkVersion="26"
9-->Meta-OpenXR-SDK\helloxr\AndroidManifest.xml
10        android:targetSdkVersion="32" />
10-->Meta-OpenXR-SDK\helloxr\AndroidManifest.xml
11    <!-- Tell the system this app requires OpenGL ES 3.1. -->
12    <uses-feature
12-->Meta-OpenXR-SDK\helloxr\AndroidManifest.xml:10:3-13:9
13        android:glEsVersion="0x00030002"
13-->Meta-OpenXR-SDK\helloxr\AndroidManifest.xml:11:7-39
14        android:required="true" />
14-->Meta-OpenXR-SDK\helloxr\AndroidManifest.xml:12:7-30
15    <uses-feature
15-->Meta-OpenXR-SDK\helloxr\AndroidManifest.xml:14:3-17:27
16        android:name="android.hardware.vr.headtracking"
16-->Meta-OpenXR-SDK\helloxr\AndroidManifest.xml:15:5-52
17        android:required="false"
17-->Meta-OpenXR-SDK\helloxr\AndroidManifest.xml:16:5-29
18        android:version="1" />
18-->Meta-OpenXR-SDK\helloxr\AndroidManifest.xml:17:5-24
19
20    <!-- Recommended for haptic feedback -->
21    <uses-permission android:name="android.permission.VIBRATE" />
21-->Meta-OpenXR-SDK\helloxr\AndroidManifest.xml:20:3-64
21-->Meta-OpenXR-SDK\helloxr\AndroidManifest.xml:20:20-61
22
23    <!-- If building externally with the OpenXR loader AAR, this would be merged in automatically. -->
24    <uses-permission android:name="org.khronos.openxr.permission.OPENXR" />
24-->Meta-OpenXR-SDK\helloxr\AndroidManifest.xml:23:3-74
24-->Meta-OpenXR-SDK\helloxr\AndroidManifest.xml:23:20-71
25    <uses-permission android:name="org.khronos.openxr.permission.OPENXR_SYSTEM" />
25-->Meta-OpenXR-SDK\helloxr\AndroidManifest.xml:24:3-81
25-->Meta-OpenXR-SDK\helloxr\AndroidManifest.xml:24:20-78
26
27    <queries>
27-->Meta-OpenXR-SDK\helloxr\AndroidManifest.xml:26:5-37:13
28
29        <!-- to talk to the broker -->
30        <provider android:authorities="org.khronos.openxr.runtime_broker;org.khronos.openxr.system_runtime_broker" />
30-->Meta-OpenXR-SDK\helloxr\AndroidManifest.xml:28:5-114
30-->Meta-OpenXR-SDK\helloxr\AndroidManifest.xml:28:15-111
31
32        <!-- so client-side code of runtime/layers can talk to their service sides -->
33        <intent>
33-->Meta-OpenXR-SDK\helloxr\AndroidManifest.xml:31:5-33:14
34            <action android:name="org.khronos.openxr.OpenXRRuntimeService" />
34-->Meta-OpenXR-SDK\helloxr\AndroidManifest.xml:32:7-72
34-->Meta-OpenXR-SDK\helloxr\AndroidManifest.xml:32:15-69
35        </intent>
36        <intent>
36-->Meta-OpenXR-SDK\helloxr\AndroidManifest.xml:34:5-36:14
37            <action android:name="org.khronos.openxr.OpenXRApiLayerService" />
37-->Meta-OpenXR-SDK\helloxr\AndroidManifest.xml:35:7-73
37-->Meta-OpenXR-SDK\helloxr\AndroidManifest.xml:35:15-70
38        </intent>
39    </queries>
40    <!-- end of elements normally merged from the OpenXR loader AAR -->
41    <application
41-->Meta-OpenXR-SDK\helloxr\AndroidManifest.xml:40:3-71:17
42        android:allowBackup="true"
42-->Meta-OpenXR-SDK\helloxr\AndroidManifest.xml:41:5-31
43        android:debuggable="true"
44        android:extractNativeLibs="false"
45        android:hasCode="false"
45-->Meta-OpenXR-SDK\helloxr\AndroidManifest.xml:42:5-28
46        android:icon="@mipmap/ic_helloxr_launcher"
46-->Meta-OpenXR-SDK\helloxr\AndroidManifest.xml:43:5-47
47        android:label="@string/app_name"
47-->Meta-OpenXR-SDK\helloxr\AndroidManifest.xml:44:5-37
48        android:roundIcon="@mipmap/ic_helloxr_launcher" >
48-->Meta-OpenXR-SDK\helloxr\AndroidManifest.xml:45:5-52
49
50        <!-- The activity is the built-in NativeActivity framework class. -->
51        <!-- launchMode is set to singleTask because there should never be multiple copies of the app running. -->
52        <!-- Theme.Black.NoTitleBar.Fullscreen gives solid black instead of a (bad stereoscopic) gradient on app transition. -->
53        <activity
53-->Meta-OpenXR-SDK\helloxr\AndroidManifest.xml:50:5-70:16
54            android:name="android.app.NativeActivity"
54-->Meta-OpenXR-SDK\helloxr\AndroidManifest.xml:51:7-48
55            android:configChanges="screenSize|screenLayout|orientation|keyboardHidden|keyboard|navigation|uiMode|density"
55-->Meta-OpenXR-SDK\helloxr\AndroidManifest.xml:52:7-116
56            android:excludeFromRecents="false"
56-->Meta-OpenXR-SDK\helloxr\AndroidManifest.xml:53:7-41
57            android:exported="true"
57-->Meta-OpenXR-SDK\helloxr\AndroidManifest.xml:58:7-30
58            android:launchMode="singleTask"
58-->Meta-OpenXR-SDK\helloxr\AndroidManifest.xml:54:7-38
59            android:resizeableActivity="false"
59-->Meta-OpenXR-SDK\helloxr\AndroidManifest.xml:55:7-41
60            android:screenOrientation="landscape"
60-->Meta-OpenXR-SDK\helloxr\AndroidManifest.xml:56:7-44
61            android:theme="@android:style/Theme.Black.NoTitleBar.Fullscreen" >
61-->Meta-OpenXR-SDK\helloxr\AndroidManifest.xml:57:7-71
62
63            <!-- Tell NativeActivity the name of the .so -->
64            <meta-data
64-->Meta-OpenXR-SDK\helloxr\AndroidManifest.xml:61:7-63:35
65                android:name="android.app.lib_name"
65-->Meta-OpenXR-SDK\helloxr\AndroidManifest.xml:62:9-44
66                android:value="helloxr" />
66-->Meta-OpenXR-SDK\helloxr\AndroidManifest.xml:63:9-32
67            <!-- This filter lets the apk show up as a launchable icon. -->
68            <intent-filter>
68-->Meta-OpenXR-SDK\helloxr\AndroidManifest.xml:65:7-69:23
69                <action android:name="android.intent.action.MAIN" />
69-->Meta-OpenXR-SDK\helloxr\AndroidManifest.xml:66:9-61
69-->Meta-OpenXR-SDK\helloxr\AndroidManifest.xml:66:17-58
70
71                <category android:name="android.intent.category.LAUNCHER" />
71-->Meta-OpenXR-SDK\helloxr\AndroidManifest.xml:67:9-69
71-->Meta-OpenXR-SDK\helloxr\AndroidManifest.xml:67:19-66
72                <category android:name="org.khronos.openxr.intent.category.IMMERSIVE_HMD" />
72-->Meta-OpenXR-SDK\helloxr\AndroidManifest.xml:68:9-85
72-->Meta-OpenXR-SDK\helloxr\AndroidManifest.xml:68:19-82
73            </intent-filter>
74        </activity>
75    </application>
76
77</manifest>